2018-02-27 10:53:44 SQL Error :
------------
String:
SQL: <br/>SELECT * FROM `ims_wxapp_general_analysis` WHERE `uniacid` =  :__uniacid AND `type` =  :__type AND `ref_date` =  :__ref_date  LIMIT 1<hr/>Params: <br/>array (
  ':__uniacid' => 3,
  ':__type' => 2,
  ':__ref_date' => '20180226',
)<hr/>SQL Error: <br/>Table 'fenxiao.ims_wxapp_general_analysis' doesn't exist<hr/>Traces: <br/>file: /framework/class/db.class.php; line: 168; <br />file: /framework/class/db.class.php; line: 228; <br />file: /framework/function/pdo.func.php; line: 49; <br />file: /framework/model/wxapp.mod.php; line: 300; <br />file: /web/source/wxapp/version.ctrl.php; line: 94; <br />file: /web/index.php; line: 193; <br />

2018-02-27 10:53:44 SQL Error :
------------
String:
SQL: <br/>SELECT * FROM `ims_wxapp_general_analysis` WHERE `uniacid` =  :__uniacid AND `type` =  :__type AND `ref_date` =  :__ref_date  LIMIT 1<hr/>Params: <br/>array (
  ':__uniacid' => 3,
  ':__type' => '2',
  ':__ref_date' => '20180226',
)<hr/>SQL Error: <br/>Table 'fenxiao.ims_wxapp_general_analysis' doesn't exist<hr/>Traces: <br/>file: /framework/class/db.class.php; line: 168; <br />file: /framework/class/db.class.php; line: 228; <br />file: /framework/function/pdo.func.php; line: 49; <br />file: /web/source/wxapp/version.ctrl.php; line: 96; <br />file: /web/index.php; line: 193; <br />

2018-02-27 10:54:59 SQL Error :
------------
String:
SQL: <br/>SELECT * FROM `ims_wxapp_general_analysis` WHERE `uniacid` =  :__uniacid AND `type` =  :__type AND `ref_date` =  :__ref_date  LIMIT 1<hr/>Params: <br/>array (
  ':__uniacid' => 3,
  ':__type' => 2,
  ':__ref_date' => '20180226',
)<hr/>SQL Error: <br/>Table 'fenxiao.ims_wxapp_general_analysis' doesn't exist<hr/>Traces: <br/>file: /framework/class/db.class.php; line: 168; <br />file: /framework/class/db.class.php; line: 228; <br />file: /framework/function/pdo.func.php; line: 49; <br />file: /framework/model/wxapp.mod.php; line: 300; <br />file: /web/source/wxapp/version.ctrl.php; line: 94; <br />file: /web/index.php; line: 193; <br />

2018-02-27 10:54:59 SQL Error :
------------
String:
SQL: <br/>SELECT * FROM `ims_wxapp_general_analysis` WHERE `uniacid` =  :__uniacid AND `type` =  :__type AND `ref_date` =  :__ref_date  LIMIT 1<hr/>Params: <br/>array (
  ':__uniacid' => 3,
  ':__type' => '2',
  ':__ref_date' => '20180226',
)<hr/>SQL Error: <br/>Table 'fenxiao.ims_wxapp_general_analysis' doesn't exist<hr/>Traces: <br/>file: /framework/class/db.class.php; line: 168; <br />file: /framework/class/db.class.php; line: 228; <br />file: /framework/function/pdo.func.php; line: 49; <br />file: /web/source/wxapp/version.ctrl.php; line: 96; <br />file: /web/index.php; line: 193; <br />

2018-02-27 10:55:00 SQL Error :
------------
String:
SQL: <br/>SELECT * FROM `ims_wxapp_general_analysis` WHERE `uniacid` =  :__uniacid AND `type` =  :__type AND `ref_date` =  :__ref_date  LIMIT 1<hr/>Params: <br/>array (
  ':__uniacid' => 3,
  ':__type' => 2,
  ':__ref_date' => '20180226',
)<hr/>SQL Error: <br/>Table 'fenxiao.ims_wxapp_general_analysis' doesn't exist<hr/>Traces: <br/>file: /framework/class/db.class.php; line: 168; <br />file: /framework/class/db.class.php; line: 228; <br />file: /framework/function/pdo.func.php; line: 49; <br />file: /framework/model/wxapp.mod.php; line: 300; <br />file: /web/source/wxapp/version.ctrl.php; line: 94; <br />file: /web/index.php; line: 193; <br />

2018-02-27 10:55:01 SQL Error :
------------
String:
SQL: <br/>SELECT * FROM `ims_wxapp_general_analysis` WHERE `uniacid` =  :__uniacid AND `type` =  :__type AND `ref_date` =  :__ref_date  LIMIT 1<hr/>Params: <br/>array (
  ':__uniacid' => 3,
  ':__type' => '2',
  ':__ref_date' => '20180226',
)<hr/>SQL Error: <br/>Table 'fenxiao.ims_wxapp_general_analysis' doesn't exist<hr/>Traces: <br/>file: /framework/class/db.class.php; line: 168; <br />file: /framework/class/db.class.php; line: 228; <br />file: /framework/function/pdo.func.php; line: 49; <br />file: /web/source/wxapp/version.ctrl.php; line: 96; <br />file: /web/index.php; line: 193; <br />

2018-02-27 10:58:55 SQL Error :
------------
String:
SQL: <br/>SELECT * FROM `ims_wxapp_general_analysis` WHERE `uniacid` =  :__uniacid AND `type` =  :__type AND `ref_date` =  :__ref_date  LIMIT 1<hr/>Params: <br/>array (
  ':__uniacid' => 3,
  ':__type' => 2,
  ':__ref_date' => '20180226',
)<hr/>SQL Error: <br/>Table 'hejiang.ims_wxapp_general_analysis' doesn't exist<hr/>Traces: <br/>file: /framework/class/db.class.php; line: 168; <br />file: /framework/class/db.class.php; line: 228; <br />file: /framework/function/pdo.func.php; line: 49; <br />file: /framework/model/wxapp.mod.php; line: 300; <br />file: /web/source/wxapp/version.ctrl.php; line: 94; <br />file: /web/index.php; line: 193; <br />

2018-02-27 10:58:57 SQL Error :
------------
String:
SQL: <br/>SELECT * FROM `ims_wxapp_general_analysis` WHERE `uniacid` =  :__uniacid AND `type` =  :__type AND `ref_date` =  :__ref_date  LIMIT 1<hr/>Params: <br/>array (
  ':__uniacid' => 3,
  ':__type' => 2,
  ':__ref_date' => '20180226',
)<hr/>SQL Error: <br/>Table 'hejiang.ims_wxapp_general_analysis' doesn't exist<hr/>Traces: <br/>file: /framework/class/db.class.php; line: 168; <br />file: /framework/class/db.class.php; line: 228; <br />file: /framework/function/pdo.func.php; line: 49; <br />file: /framework/model/wxapp.mod.php; line: 300; <br />file: /web/source/wxapp/version.ctrl.php; line: 94; <br />file: /web/index.php; line: 193; <br />

2018-02-27 11:28:33 SQL Error :
------------
String:
SQL: <br/>SELECT * FROM `ims_wxapp_general_analysis` WHERE `uniacid` =  :__uniacid AND `type` =  :__type AND `ref_date` =  :__ref_date  LIMIT 1<hr/>Params: <br/>array (
  ':__uniacid' => 3,
  ':__type' => 2,
  ':__ref_date' => '20180226',
)<hr/>SQL Error: <br/>Table 'hejiang.ims_wxapp_general_analysis' doesn't exist<hr/>Traces: <br/>file: /framework/class/db.class.php; line: 168; <br />file: /framework/class/db.class.php; line: 228; <br />file: /framework/function/pdo.func.php; line: 49; <br />file: /framework/model/wxapp.mod.php; line: 300; <br />file: /web/source/wxapp/version.ctrl.php; line: 94; <br />file: /web/index.php; line: 193; <br />

2018-02-27 11:28:35 SQL Error :
------------
String:
SQL: <br/>SELECT * FROM `ims_wxapp_general_analysis` WHERE `uniacid` =  :__uniacid AND `type` =  :__type AND `ref_date` =  :__ref_date  LIMIT 1<hr/>Params: <br/>array (
  ':__uniacid' => 3,
  ':__type' => '2',
  ':__ref_date' => '20180226',
)<hr/>SQL Error: <br/>Table 'hejiang.ims_wxapp_general_analysis' doesn't exist<hr/>Traces: <br/>file: /framework/class/db.class.php; line: 168; <br />file: /framework/class/db.class.php; line: 228; <br />file: /framework/function/pdo.func.php; line: 49; <br />file: /web/source/wxapp/version.ctrl.php; line: 96; <br />file: /web/index.php; line: 193; <br />

2018-02-27 14:03:49 SQL Error :
------------
String:
SQL: <br/>SELECT * FROM `ims_wxapp_general_analysis` WHERE `uniacid` =  :__uniacid AND `type` =  :__type AND `ref_date` =  :__ref_date  LIMIT 1<hr/>Params: <br/>array (
  ':__uniacid' => 3,
  ':__type' => 2,
  ':__ref_date' => '20180226',
)<hr/>SQL Error: <br/>Table 'hejiang.ims_wxapp_general_analysis' doesn't exist<hr/>Traces: <br/>file: /framework/class/db.class.php; line: 168; <br />file: /framework/class/db.class.php; line: 228; <br />file: /framework/function/pdo.func.php; line: 49; <br />file: /framework/model/wxapp.mod.php; line: 300; <br />file: /web/source/wxapp/version.ctrl.php; line: 94; <br />file: /web/index.php; line: 193; <br />

2018-02-27 14:03:50 SQL Error :
------------
String:
SQL: <br/>SELECT * FROM `ims_wxapp_general_analysis` WHERE `uniacid` =  :__uniacid AND `type` =  :__type AND `ref_date` =  :__ref_date  LIMIT 1<hr/>Params: <br/>array (
  ':__uniacid' => 3,
  ':__type' => '2',
  ':__ref_date' => '20180226',
)<hr/>SQL Error: <br/>Table 'hejiang.ims_wxapp_general_analysis' doesn't exist<hr/>Traces: <br/>file: /framework/class/db.class.php; line: 168; <br />file: /framework/class/db.class.php; line: 228; <br />file: /framework/function/pdo.func.php; line: 49; <br />file: /web/source/wxapp/version.ctrl.php; line: 96; <br />file: /web/index.php; line: 193; <br />

